<?xml version="1.0" encoding="UTF-8"?>
<!-- Generated by org.testng.reporters.JUnitXMLReporter -->
<testsuite ignored="0" hostname="NAVEENs-MacBook-Air.local" failures="0" tests="5" name="Login Scenarios" time="4.692" errors="0" timestamp="2026-05-26T21:27:34 IST">
  <testcase classname="com.api.tests.LoginTest" name="test01_validLogin_shouldReturn200" time="1.571"/>
  <testcase classname="com.api.tests.LoginTest" name="test02_wrongPassword_shouldReturnError" time="0.798"/>
  <testcase classname="com.api.tests.LoginTest" name="test03_emptyMobile_shouldReturn4xxError" time="0.803"/>
  <testcase classname="com.api.tests.LoginTest" name="test04_responseTime_shouldBeLessThan5Seconds" time="0.619"/>
  <testcase classname="com.api.tests.LoginTest" name="test05_readFieldFromResponse_learningTemplate" time="0.705"/>
</testsuite> <!-- Login Scenarios -->
