<?xml version="1.0" encoding="UTF-8"?>
<testsuite xmlns:xsi="http://www.w3.org/2001/XMLSchema-instance" xsi:noNamespaceSchemaLocation="https://maven.apache.org/surefire/maven-surefire-plugin/xsd/surefire-test-report-3.0.xsd" version="3.0" name="TestSuite" time="4.908" tests="5" errors="0" skipped="0" failures="0">
  <properties>
[...]
</properties>
  <testcase name="test01_validLogin_shouldReturn200" classname="com.api.tests.LoginTest" time="1.572">
    <system-out><![CDATA[...
... TestNG 7.9.0 by Cédric Beust (cedric@beust.com)
...

[ConfigReader] config.properties loaded successfully.

========================================
  Test Suite Starting
  Base URL : https://sbioa-gateway-dev.coherent.in
========================================


▶ TEST 1: Valid Login
  Request data loaded: {mobile=9840127991, password=12345678, accountType=STAFF, platformType=WEB, deviceId=e7027d46-9446-4a0c-8ff8-5fde2de9af9c, token=, latitude=13.061361543287191, longitude=80.26007440007787}
Request method:	POST
Request URI:	https://sbioa-gateway-dev.coherent.in/sbioa-auth/v2/auth/password-login
Proxy:			<none>
Request params:	<none>
Query params:	<none>
Form params:	<none>
Path params:	<none>
Headers:		Accept=application/json, application/javascript, text/javascript, text/json
				Content-Type=application/json
Cookies:		<none>
Multiparts:		<none>
Body:
{
    "mobile": "9840127991",
    "password": "12345678",
    "accountType": "STAFF",
    "platformType": "WEB",
    "deviceId": "e7027d46-9446-4a0c-8ff8-5fde2de9af9c",
    "token": "",
    "latitude": "13.061361543287191",
    "longitude": "80.26007440007787"
}

◀ RESPONSE:
  Status Code  : 200
  Response Time: 1158 ms
  Response Body:
{
    "status": 200,
    "message": "You’ve successfully signed in",
    "data": {
        "accessToken": "eyJhbGciOiJIUzI1NiJ9.eyJvcmdhbml6YXRpb25JZCI6MSwiYWNjb3VudFR5cGUiOiJTVEFGRiIsIm1vYmlsZSI6Ijk4NDAxMjc5OTEiLCJmdWxsTmFtZSI6IkFkbWluIiwidG9rZW5UeXBlIjoiQUNDRVNTIiwidXNlcklkIjoyNywiZGV2aWNlSWQiOiJlNzAyN2Q0Ni05NDQ2LTRhMGMtOGZmOC01ZmRlMmRlOWFmOWMiLCJwbGF0Zm9ybSI6IldFQiIsInRlbmFudCI6InRlbmFudF8xXzkiLCJzdWIiOiIyNyIsImlzcyI6InNiaW9hLWF1dGgtc2VydmljZSIsImF1ZCI6WyJzYmlvYS1zZXJ2aWNlcyJdLCJpYXQiOjE3Nzk4MTEwNTEsImV4cCI6MTc4MTEwNzA1MX0.m-sa9eyJpsRrxWT6obiLYVYn2MEgGPgvPfDNxTvBap0",
        "refreshToken": "eyJhbGciOiJIUzI1NiJ9.eyJvcmdhbml6YXRpb25JZCI6MSwiYWNjb3VudFR5cGUiOiJTVEFGRiIsImZ1bGxOYW1lIjoiQWRtaW4iLCJ0b2tlblR5cGUiOiJSRUZSRVNIIiwidXNlcklkIjoyNywicGxhdGZvcm0iOiJXRUIiLCJ0ZW5hbnQiOiJ0ZW5hbnRfMV85Iiwic3ViIjoiMjciLCJpc3MiOiJzYmlvYS1hdXRoLXNlcnZpY2UiLCJhdWQiOlsic2Jpb2Etc2VydmljZXMiXSwiaWF0IjoxNzc5ODExMDUxLCJleHAiOjE3ODExMDcwNTF9.1naMWHQsgksqPlUvRkoL2y3LhQM57SVeei8EINJQrus",
        "id": 27,
        "fullName": "Admin",
        "roleType": "STAFF",
        "tenant": "tenant_1_9",
        "organizationId": 1,
        "mobile": "9840127991",
        "accountType": "STAFF"
    }
}

✅ TEST 1 PASSED

]]></system-out>
    <system-err><![CDATA[SLF4J: Failed to load class "org.slf4j.impl.StaticLoggerBinder".
SLF4J: Defaulting to no-operation (NOP) logger implementation
SLF4J: See http://www.slf4j.org/codes.html#StaticLoggerBinder for further details.
]]></system-err>
  </testcase>
  <testcase name="test02_wrongPassword_shouldReturnError" classname="com.api.tests.LoginTest" time="0.796">
    <system-out><![CDATA[
▶ TEST 2: Wrong Password
Request method:	POST
Request URI:	https://sbioa-gateway-dev.coherent.in/sbioa-auth/v2/auth/password-login
Proxy:			<none>
Request params:	<none>
Query params:	<none>
Form params:	<none>
Path params:	<none>
Headers:		Accept=application/json, application/javascript, text/javascript, text/json
				Content-Type=application/json
Cookies:		<none>
Multiparts:		<none>
Body:
{
    "mobile": "9840127991",
    "password": "WRONG999",
    "accountType": "STAFF",
    "platformType": "WEB",
    "deviceId": "e7027d46-9446-4a0c-8ff8-5fde2de9af9c",
    "token": "",
    "latitude": "13.061361543287191",
    "longitude": "80.26007440007787"
}

◀ RESPONSE:
  Status Code : 400
  Response Body:
{
    "status": 400,
    "message": "Incorrect password. Please try again."
}

✅ TEST 2 PASSED — API correctly rejected wrong password

]]></system-out>
  </testcase>
  <testcase name="test03_emptyMobile_shouldReturn4xxError" classname="com.api.tests.LoginTest" time="0.804">
    <system-out><![CDATA[
▶ TEST 3: Empty Mobile Number
Request method:	POST
Request URI:	https://sbioa-gateway-dev.coherent.in/sbioa-auth/v2/auth/password-login
Proxy:			<none>
Request params:	<none>
Query params:	<none>
Form params:	<none>
Path params:	<none>
Headers:		Accept=application/json, application/javascript, text/javascript, text/json
				Content-Type=application/json
Cookies:		<none>
Multiparts:		<none>
Body:
{
    "mobile": "",
    "password": "12345678",
    "accountType": "STAFF",
    "platformType": "WEB",
    "deviceId": "e7027d46-9446-4a0c-8ff8-5fde2de9af9c",
    "token": "",
    "latitude": "13.061361543287191",
    "longitude": "80.26007440007787"
}

◀ RESPONSE:
  Status Code : 400
{
    "status": 400,
    "message": "must not be blank"
}

✅ TEST 3 PASSED — API correctly rejected empty mobile

]]></system-out>
  </testcase>
  <testcase name="test04_responseTime_shouldBeLessThan5Seconds" classname="com.api.tests.LoginTest" time="0.62">
    <system-out><![CDATA[
▶ TEST 4: Response Time Check
Request method:	POST
Request URI:	https://sbioa-gateway-dev.coherent.in/sbioa-auth/v2/auth/password-login
Proxy:			<none>
Request params:	<none>
Query params:	<none>
Form params:	<none>
Path params:	<none>
Headers:		Accept=application/json, application/javascript, text/javascript, text/json
				Content-Type=application/json
Cookies:		<none>
Multiparts:		<none>
Body:
{
    "mobile": "9840127991",
    "password": "12345678",
    "accountType": "STAFF",
    "platformType": "WEB",
    "deviceId": "e7027d46-9446-4a0c-8ff8-5fde2de9af9c",
    "token": "",
    "latitude": "13.061361543287191",
    "longitude": "80.26007440007787"
}
  Response Time: 615 ms

✅ TEST 4 PASSED — Response time is acceptable

]]></system-out>
  </testcase>
  <testcase name="test05_readFieldFromResponse_learningTemplate" classname="com.api.tests.LoginTest" time="0.705">
    <system-out><![CDATA[
▶ TEST 5: Reading Response Fields (Learning Template)
Request method:	POST
Request URI:	https://sbioa-gateway-dev.coherent.in/sbioa-auth/v2/auth/password-login
Proxy:			<none>
Request params:	<none>
Query params:	<none>
Form params:	<none>
Path params:	<none>
Headers:		Accept=application/json, application/javascript, text/javascript, text/json
				Content-Type=application/json
Cookies:		<none>
Multiparts:		<none>
Body:
{
    "mobile": "9840127991",
    "password": "12345678",
    "accountType": "STAFF",
    "platformType": "WEB",
    "deviceId": "e7027d46-9446-4a0c-8ff8-5fde2de9af9c",
    "token": "",
    "latitude": "13.061361543287191",
    "longitude": "80.26007440007787"
}

◀ FULL RESPONSE BODY (use this to find your field paths):
{
    "status": 200,
    "message": "You’ve successfully signed in",
    "data": {
        "accessToken": "eyJhbGciOiJIUzI1NiJ9.eyJvcmdhbml6YXRpb25JZCI6MSwiYWNjb3VudFR5cGUiOiJTVEFGRiIsIm1vYmlsZSI6Ijk4NDAxMjc5OTEiLCJmdWxsTmFtZSI6IkFkbWluIiwidG9rZW5UeXBlIjoiQUNDRVNTIiwidXNlcklkIjoyNywiZGV2aWNlSWQiOiJlNzAyN2Q0Ni05NDQ2LTRhMGMtOGZmOC01ZmRlMmRlOWFmOWMiLCJwbGF0Zm9ybSI6IldFQiIsInRlbmFudCI6InRlbmFudF8xXzkiLCJzdWIiOiIyNyIsImlzcyI6InNiaW9hLWF1dGgtc2VydmljZSIsImF1ZCI6WyJzYmlvYS1zZXJ2aWNlcyJdLCJpYXQiOjE3Nzk4MTEwNTQsImV4cCI6MTc4MTEwNzA1NH0.pldeGWoGyPsOhZzoqbbGGLMPb6wemAzvcNWuxAXA0TM",
        "refreshToken": "eyJhbGciOiJIUzI1NiJ9.eyJvcmdhbml6YXRpb25JZCI6MSwiYWNjb3VudFR5cGUiOiJTVEFGRiIsImZ1bGxOYW1lIjoiQWRtaW4iLCJ0b2tlblR5cGUiOiJSRUZSRVNIIiwidXNlcklkIjoyNywicGxhdGZvcm0iOiJXRUIiLCJ0ZW5hbnQiOiJ0ZW5hbnRfMV85Iiwic3ViIjoiMjciLCJpc3MiOiJzYmlvYS1hdXRoLXNlcnZpY2UiLCJhdWQiOlsic2Jpb2Etc2VydmljZXMiXSwiaWF0IjoxNzc5ODExMDU0LCJleHAiOjE3ODExMDcwNTR9.297ItrHYl4cmdrbkxIK6OKirO1qvnPPVNjAWvVnqt9A",
        "id": 27,
        "fullName": "Admin",
        "roleType": "STAFF",
        "tenant": "tenant_1_9",
        "organizationId": 1,
        "mobile": "9840127991",
        "accountType": "STAFF"
    }
}

📚 NEXT STEP:
   Look at the response body printed above.
   Find a field, then assert it using response.jsonPath().getString("fieldName")

✅ TEST 5 PASSED — Explore the response body printed above

]]></system-out>
  </testcase>
</testsuite>