<?xml version="1.0" encoding="UTF-8"?>
<!-- Generated by org.testng.reporters.JUnitReportReporter -->
<testsuite hostname="NAVEENs-MacBook-Air.local" failures="0" tests="5" name="com.api.tests.LoginTest" time="4.496" errors="0" timestamp="2026-05-26T21:27:35 IST" skipped="0">
  <testcase classname="com.api.tests.LoginTest" name="test04_responseTime_shouldBeLessThan5Seconds" time="0.619"/>
  <testcase classname="com.api.tests.LoginTest" name="test01_validLogin_shouldReturn200" time="1.571"/>
  <testcase classname="com.api.tests.LoginTest" name="test02_wrongPassword_shouldReturnError" time="0.798"/>
  <testcase classname="com.api.tests.LoginTest" name="test05_readFieldFromResponse_learningTemplate" time="0.705"/>
  <testcase classname="com.api.tests.LoginTest" name="test03_emptyMobile_shouldReturn4xxError" time="0.803"/>
</testsuite> <!-- com.api.tests.LoginTest -->
