<?xml version="1.0" encoding="UTF-8"?>
<!-- Generated by org.testng.reporters.JUnitReportReporter -->
<testsuite hostname="DESKTOP-GK3S21M" failures="0" tests="5" name="com.api.tests.LoginTest" time="5.489" errors="0" timestamp="2026-05-26T18:32:29 IST" skipped="0">
  <testcase classname="com.api.tests.LoginTest" name="test02_wrongPassword_shouldReturnError" time="0.727"/>
  <testcase classname="com.api.tests.LoginTest" name="test04_responseTime_shouldBeLessThan5Seconds" time="0.600"/>
  <testcase classname="com.api.tests.LoginTest" name="test01_validLogin_shouldReturn200" time="2.952"/>
  <testcase classname="com.api.tests.LoginTest" name="test05_readFieldFromResponse_learningTemplate" time="0.616"/>
  <testcase classname="com.api.tests.LoginTest" name="test03_emptyMobile_shouldReturn4xxError" time="0.594"/>
</testsuite> <!-- com.api.tests.LoginTest -->
